Copyright 1986-2016 Xilinx, Inc. All Rights Reserved.
------------------------------------------------------------------------------------
| Tool Version : Vivado v.2016.4 (win64) Build 1756540 Mon Jan 23 19:11:23 MST 2017
| Date         : Thu Nov 15 16:16:09 2018
| Host         : DESKTOP-5KRUO71 running 64-bit major release  (build 9200)
| Command      : report_control_sets -verbose -file top_control_sets_placed.rpt
| Design       : top
| Device       : xc7a100t
------------------------------------------------------------------------------------

Control Set Information

Table of Contents
-----------------
1. Summary
2. Flip-Flop Distribution
3. Detailed Control Set Information

1. Summary
----------

+----------------------------------------------------------+-------+
|                          Status                          | Count |
+----------------------------------------------------------+-------+
| Number of unique control sets                            |    13 |
| Unused register locations in slices containing registers |    42 |
+----------------------------------------------------------+-------+


2. Flip-Flop Distribution
-------------------------

+--------------+-----------------------+------------------------+-----------------+--------------+
| Clock Enable | Synchronous Set/Reset | Asynchronous Set/Reset | Total Registers | Total Slices |
+--------------+-----------------------+------------------------+-----------------+--------------+
| No           | No                    | No                     |              97 |           52 |
| No           | No                    | Yes                    |               0 |            0 |
| No           | Yes                   | No                     |              77 |           23 |
| Yes          | No                    | No                     |              15 |           11 |
| Yes          | No                    | Yes                    |               0 |            0 |
| Yes          | Yes                   | No                     |             145 |           44 |
+--------------+-----------------------+------------------------+-----------------+--------------+


3. Detailed Control Set Information
-----------------------------------

+------------------------+-------------------+----------------------+------------------+----------------+
|      Clock Signal      |   Enable Signal   |   Set/Reset Signal   | Slice Load Count | Bel Load Count |
+------------------------+-------------------+----------------------+------------------+----------------+
|  clk_wiz/inst/clk_out1 | s/r_digit         | s/r_digit[3]_i_1_n_0 |                1 |              4 |
|  clk_wiz/inst/clk_out1 | vcnt[10]_i_1_n_0  | w_rst                |                5 |             11 |
|  clk_wiz/inst/clk_out1 | m_x0              | g2/SR[0]             |                4 |             11 |
|  clk_wiz/inst/clk_out1 | m_y0              | g2/SR[0]             |                4 |             11 |
|  clk_wiz/inst/clk_out1 | pos_x0            | g2/SR[0]             |                4 |             11 |
|  clk_wiz/inst/clk_out1 | pos_y0            | g2/SR[0]             |                4 |             11 |
|  clk_wiz/inst/clk_out1 | s/r_sg[6]_i_1_n_0 |                      |               11 |             15 |
|  clk_wiz/inst/clk_out1 | b_x[10]_i_2_n_0   | g2/b_y_reg[0][0]     |                6 |             22 |
|  clk_wiz/inst/clk_out1 |                   | s/clear              |                8 |             32 |
|  clk_wiz/inst/clk_out1 | cnt2[0]_i_2_n_0   | cnt1[0]_i_1_n_0      |                8 |             32 |
|  clk_wiz/inst/clk_out1 | cnt2[0]_i_2_n_0   | cnt2[0]_i_1_n_0      |                8 |             32 |
|  clk_wiz/inst/clk_out1 |                   | w_rst                |               15 |             45 |
|  clk_wiz/inst/clk_out1 |                   |                      |               52 |             97 |
+------------------------+-------------------+----------------------+------------------+----------------+


+--------+-----------------------+
| Fanout | Number of ControlSets |
+--------+-----------------------+
| 4      |                     1 |
| 11     |                     5 |
| 15     |                     1 |
| 16+    |                     6 |
+--------+-----------------------+


